Homepage was accessed at 2022-06-03 18:02:49.554882 hours!
Not Found: /employee/edit/
Homepage was accessed at 2022-06-03 18:05:49.674078 hours!
Homepage was accessed at 2022-06-06 14:48:03.979433 hours!
Not Found: /favicon.ico
Not Found: /employee/edit/
Not Found: /employee/edit/
Not Found: /employee/edit/
Not Found: /employee/edit/
Not Found: /employee/edit/
Homepage was accessed at 2022-06-06 15:00:25.169952 hours!
Not Found: /employee/edit/
Homepage was accessed at 2022-06-06 15:02:30.973842 hours!
Not Found: /employee/edit/
Homepage was accessed at 2022-06-06 15:03:04.928724 hours!
Not Found: /employee/edit/
Not Found: /employee/edit/
Not Found: /employee/edit/
Homepage was accessed at 2022-06-06 15:13:55.352424 hours!
Not Found: /employee/edit
Not Found: /employee/edit
Not Found: /employee/edit
Not Found: /employee/edit
Not Found: /employee/edit/8/
Not Found: /employee/edit/
Homepage was accessed at 2022-06-06 15:24:10.845224 hours!
Not Found: /employee/edit/
Not Found: /employee/edit/
Not Found: /employee/edit/
Not Found: /employee/edit/
Homepage was accessed at 2022-06-06 15:31:11.090259 hours!
Not Found: /employee/edit/
Not Found: /employee/edit/
Homepage was accessed at 2022-06-06 15:34:50.145920 hours!
